# JRE version: OpenJDK Runtime Environment (8.0_76-b03) (build 1.8.0_76-release-b03)
# Java VM: OpenJDK 64-Bit Server VM (25.76-b03 mixed mode linux-amd64 compressed oops)
Heap:
 PSYoungGen      total 135168K, used 17903K [0x00000000eab00000, 0x00000000f4400000, 0x0000000100000000)
  eden space 117248K, 0% used [0x00000000eab00000,0x00000000eab00000,0x00000000f1d80000)
  from space 17920K, 99% used [0x00000000f1d80000,0x00000000f2efbe48,0x00000000f2f00000)
  to   space 14336K, 0% used [0x00000000f2f00000,0x00000000f2f00000,0x00000000f3d00000)
 ParOldGen       total 46080K, used 45572K [0x00000000c0000000, 0x00000000c2d00000, 0x00000000eab00000)
  object space 46080K, 98% used [0x00000000c0000000,0x00000000c2c813b8,0x00000000c2d00000)
 Metaspace       used 6328K, capacity 7152K, committed 7296K, reserved 1056768K
  class space    used 592K, capacity 616K, committed 640K, reserved 1048576K
GC Heap History (10 events):
Event: 4.445 GC heap after
Heap after GC invocations=4 (full 0):
 PSYoungGen      total 32768K, used 2032K [0x00000000eab00000, 0x00000000ecd00000, 0x0000000100000000)
  eden space 30720K, 0% used [0x00000000eab00000,0x00000000eab00000,0x00000000ec900000)
  from space 2048K, 99% used [0x00000000ecb00000,0x00000000eccfc028,0x00000000ecd00000)
  to   space 2048K, 0% used [0x00000000ec900000,0x00000000ec900000,0x00000000ecb00000)
 ParOldGen       total 39936K, used 6448K [0x00000000c0000000, 0x00000000c2700000, 0x00000000eab00000)
  object space 39936K, 16% used [0x00000000c0000000,0x00000000c064c340,0x00000000c2700000)
 Metaspace       used 5727K, capacity 6768K, committed 7040K, reserved 1056768K
  class space    used 573K, capacity 616K, committed 640K, reserved 1048576K
}
Event: 5.335 GC heap before
{Heap before GC invocations=5 (full 0):
 PSYoungGen      total 32768K, used 32752K [0x00000000eab00000, 0x00000000ecd00000, 0x0000000100000000)
  eden space 30720K, 100% used [0x00000000eab00000,0x00000000ec900000,0x00000000ec900000)
  from space 2048K, 99% used [0x00000000ecb00000,0x00000000eccfc028,0x00000000ecd00000)
  to   space 2048K, 0% used [0x00000000ec900000,0x00000000ec900000,0x00000000ecb00000)
 ParOldGen       total 39936K, used 6448K [0x00000000c0000000, 0x00000000c2700000, 0x00000000eab00000)
  object space 39936K, 16% used [0x00000000c0000000,0x00000000c064c340,0x00000000c2700000)
 Metaspace       used 5760K, capacity 6768K, committed 7040K, reserved 1056768K
  class space    used 573K, capacity 616K, committed 640K, reserved 1048576K
Event: 5.439 GC heap after
Heap after GC invocations=5 (full 0):
 PSYoungGen      total 32768K, used 2016K [0x00000000eab00000, 0x00000000ef700000, 0x0000000100000000)
  eden space 30720K, 0% used [0x00000000eab00000,0x00000000eab00000,0x00000000ec900000)
  from space 2048K, 98% used [0x00000000ec900000,0x00000000ecaf8028,0x00000000ecb00000)
  to   space 8192K, 0% used [0x00000000eef00000,0x00000000eef00000,0x00000000ef700000)
 ParOldGen       total 39936K, used 10914K [0x00000000c0000000, 0x00000000c2700000, 0x00000000eab00000)
  object space 39936K, 27% used [0x00000000c0000000,0x00000000c0aa8970,0x00000000c2700000)
 Metaspace       used 5760K, capacity 6768K, committed 7040K, reserved 1056768K
  class space    used 573K, capacity 616K, committed 640K, reserved 1048576K
}
Event: 6.317 GC heap before
{Heap before GC invocations=6 (full 0):
 PSYoungGen      total 32768K, used 32736K [0x00000000eab00000, 0x00000000ef700000, 0x0000000100000000)
  eden space 30720K, 100% used [0x00000000eab00000,0x00000000ec900000,0x00000000ec900000)
  from space 2048K, 98% used [0x00000000ec900000,0x00000000ecaf8028,0x00000000ecb00000)
  to   space 8192K, 0% used [0x00000000eef00000,0x00000000eef00000,0x00000000ef700000)
 ParOldGen       total 39936K, used 10914K [0x00000000c0000000, 0x00000000c2700000, 0x00000000eab00000)
  object space 39936K, 27% used [0x00000000c0000000,0x00000000c0aa8970,0x00000000c2700000)
 Metaspace       used 5804K, capacity 6832K, committed 7040K, reserved 1056768K
  class space    used 574K, capacity 616K, committed 640K, reserved 1048576K
Event: 6.397 GC heap after
Heap after GC invocations=6 (full 0):
 PSYoungGen      total 68608K, used 7136K [0x00000000eab00000, 0x00000000ef900000, 0x0000000100000000)
  eden space 60416K, 0% used [0x00000000eab00000,0x00000000eab00000,0x00000000ee600000)
  from space 8192K, 87% used [0x00000000eef00000,0x00000000ef5f8028,0x00000000ef700000)
  to   space 9216K, 0% used [0x00000000ee600000,0x00000000ee600000,0x00000000eef00000)
 ParOldGen       total 39936K, used 10914K [0x00000000c0000000, 0x00000000c2700000, 0x00000000eab00000)
  object space 39936K, 27% used [0x00000000c0000000,0x00000000c0aa8970,0x00000000c2700000)
 Metaspace       used 5804K, capacity 6832K, committed 7040K, reserved 1056768K
  class space    used 574K, capacity 616K, committed 640K, reserved 1048576K
}
Event: 8.255 GC heap before
{Heap before GC invocations=7 (full 0):
 PSYoungGen      total 68608K, used 67552K [0x00000000eab00000, 0x00000000ef900000, 0x0000000100000000)
  eden space 60416K, 100% used [0x00000000eab00000,0x00000000ee600000,0x00000000ee600000)
  from space 8192K, 87% used [0x00000000eef00000,0x00000000ef5f8028,0x00000000ef700000)
  to   space 9216K, 0% used [0x00000000ee600000,0x00000000ee600000,0x00000000eef00000)
 ParOldGen       total 39936K, used 10914K [0x00000000c0000000, 0x00000000c2700000, 0x00000000eab00000)
  object space 39936K, 27% used [0x00000000c0000000,0x00000000c0aa8970,0x00000000c2700000)
 Metaspace       used 5945K, capacity 6896K, committed 7040K, reserved 1056768K
  class space    used 592K, capacity 616K, committed 640K, reserved 1048576K
Event: 8.494 GC heap after
Heap after GC invocations=7 (full 0):
 PSYoungGen      total 69632K, used 9200K [0x00000000eab00000, 0x00000000f3d00000, 0x0000000100000000)
  eden space 60416K, 0% used [0x00000000eab00000,0x00000000eab00000,0x00000000ee600000)
  from space 9216K, 99% used [0x00000000ee600000,0x00000000eeefc020,0x00000000eef00000)
  to   space 14336K, 0% used [0x00000000f2f00000,0x00000000f2f00000,0x00000000f3d00000)
 ParOldGen       total 39936K, used 17076K [0x00000000c0000000, 0x00000000c2700000, 0x00000000eab00000)
  object space 39936K, 42% used [0x00000000c0000000,0x00000000c10ad3c8,0x00000000c2700000)
 Metaspace       used 5945K, capacity 6896K, committed 7040K, reserved 1056768K
  class space    used 592K, capacity 616K, committed 640K, reserved 1048576K
}
Event: 10.122 GC heap before
{Heap before GC invocations=8 (full 0):
 PSYoungGen      total 69632K, used 69616K [0x00000000eab00000, 0x00000000f3d00000, 0x0000000100000000)
  eden space 60416K, 100% used [0x00000000eab00000,0x00000000ee600000,0x00000000ee600000)
  from space 9216K, 99% used [0x00000000ee600000,0x00000000eeefc020,0x00000000eef00000)
  to   space 14336K, 0% used [0x00000000f2f00000,0x00000000f2f00000,0x00000000f3d00000)
 ParOldGen       total 39936K, used 17076K [0x00000000c0000000, 0x00000000c2700000, 0x00000000eab00000)
  object space 39936K, 42% used [0x00000000c0000000,0x00000000c10ad3c8,0x00000000c2700000)
 Metaspace       used 6028K, capacity 6960K, committed 7040K, reserved 1056768K
  class space    used 592K, capacity 616K, committed 640K, reserved 1048576K
Event: 10.320 GC heap after
Heap after GC invocations=8 (full 0):
 PSYoungGen      total 131584K, used 14304K [0x00000000eab00000, 0x00000000f4400000, 0x0000000100000000)
  eden space 117248K, 0% used [0x00000000eab00000,0x00000000eab00000,0x00000000f1d80000)
  from space 14336K, 99% used [0x00000000f2f00000,0x00000000f3cf8020,0x00000000f3d00000)
  to   space 17920K, 0% used [0x00000000f1d80000,0x00000000f1d80000,0x00000000f2f00000)
 ParOldGen       total 39936K, used 20018K [0x00000000c0000000, 0x00000000c2700000, 0x00000000eab00000)
  object space 39936K, 50% used [0x00000000c0000000,0x00000000c138c830,0x00000000c2700000)
 Metaspace       used 6028K, capacity 6960K, committed 7040K, reserved 1056768K
  class space    used 592K, capacity 616K, committed 640K, reserved 1048576K
}
Event: 16.712 GC heap before
{Heap before GC invocations=9 (full 0):
 PSYoungGen      total 131584K, used 131552K [0x00000000eab00000, 0x00000000f4400000, 0x0000000100000000)
  eden space 117248K, 100% used [0x00000000eab00000,0x00000000f1d80000,0x00000000f1d80000)
  from space 14336K, 99% used [0x00000000f2f00000,0x00000000f3cf8020,0x00000000f3d00000)
  to   space 17920K, 0% used [0x00000000f1d80000,0x00000000f1d80000,0x00000000f2f00000)
 ParOldGen       total 39936K, used 20018K [0x00000000c0000000, 0x00000000c2700000, 0x00000000eab00000)
  object space 39936K, 50% used [0x00000000c0000000,0x00000000c138c830,0x00000000c2700000)
 Metaspace       used 6328K, capacity 7152K, committed 7296K, reserved 1056768K
  class space    used 592K, capacity 616K, committed 640K, reserved 1048576K

