# JRE version: OpenJDK Runtime Environment (8.0_76-b03) (build 1.8.0_76-release-b03)
# Java VM: OpenJDK 64-Bit Server VM (25.76-b03 mixed mode linux-amd64 compressed oops)
Heap:
 PSYoungGen      total 232960K, used 223581K [0x00000000eab00000, 0x0000000100000000, 0x0000000100000000)
  eden space 116736K, 100% used [0x00000000eab00000,0x00000000f1d00000,0x00000000f1d00000)
  from space 116224K, 91% used [0x00000000f1d00000,0x00000000f8557568,0x00000000f8e80000)
  to   space 116224K, 38% used [0x00000000f8e80000,0x00000000fbaa5410,0x0000000100000000)
 ParOldGen       total 322048K, used 322044K [0x00000000c0000000, 0x00000000d3a80000, 0x00000000eab00000)
  object space 322048K, 99% used [0x00000000c0000000,0x00000000d3a7f1d8,0x00000000d3a80000)
 Metaspace       used 6426K, capacity 7216K, committed 7296K, reserved 1056768K
  class space    used 594K, capacity 616K, committed 640K, reserved 1048576K
GC Heap History (10 events):
Event: 23.974 GC heap after
Heap after GC invocations=14 (full 2):
 PSYoungGen      total 254464K, used 49765K [0x00000000eab00000, 0x0000000100000000, 0x0000000100000000)
  eden space 161792K, 0% used [0x00000000eab00000,0x00000000eab00000,0x00000000f4900000)
  from space 92672K, 53% used [0x00000000fa580000,0x00000000fd6195c0,0x0000000100000000)
  to   space 93696K, 0% used [0x00000000f4900000,0x00000000f4900000,0x00000000fa480000)
 ParOldGen       total 242688K, used 203260K [0x00000000c0000000, 0x00000000ced00000, 0x00000000eab00000)
  object space 242688K, 83% used [0x00000000c0000000,0x00000000cc67f3d0,0x00000000ced00000)
 Metaspace       used 6129K, capacity 7024K, committed 7296K, reserved 1056768K
  class space    used 594K, capacity 616K, committed 640K, reserved 1048576K
}
Event: 23.974 GC heap before
{Heap before GC invocations=15 (full 3):
 PSYoungGen      total 254464K, used 49765K [0x00000000eab00000, 0x0000000100000000, 0x0000000100000000)
  eden space 161792K, 0% used [0x00000000eab00000,0x00000000eab00000,0x00000000f4900000)
  from space 92672K, 53% used [0x00000000fa580000,0x00000000fd6195c0,0x0000000100000000)
  to   space 93696K, 0% used [0x00000000f4900000,0x00000000f4900000,0x00000000fa480000)
 ParOldGen       total 242688K, used 203260K [0x00000000c0000000, 0x00000000ced00000, 0x00000000eab00000)
  object space 242688K, 83% used [0x00000000c0000000,0x00000000cc67f3d0,0x00000000ced00000)
 Metaspace       used 6129K, capacity 7024K, committed 7296K, reserved 1056768K
  class space    used 594K, capacity 616K, committed 640K, reserved 1048576K
Event: 25.724 GC heap after
Heap after GC invocations=15 (full 3):
 PSYoungGen      total 254464K, used 0K [0x00000000eab00000, 0x0000000100000000, 0x0000000100000000)
  eden space 161792K, 0% used [0x00000000eab00000,0x00000000eab00000,0x00000000f4900000)
  from space 92672K, 0% used [0x00000000fa580000,0x00000000fa580000,0x0000000100000000)
  to   space 93696K, 0% used [0x00000000f4900000,0x00000000f4900000,0x00000000fa480000)
 ParOldGen       total 299520K, used 175007K [0x00000000c0000000, 0x00000000d2480000, 0x00000000eab00000)
  object space 299520K, 58% used [0x00000000c0000000,0x00000000caae7db0,0x00000000d2480000)
 Metaspace       used 6129K, capacity 7024K, committed 7296K, reserved 1056768K
  class space    used 594K, capacity 616K, committed 640K, reserved 1048576K
}
Event: 29.672 GC heap before
{Heap before GC invocations=16 (full 3):
 PSYoungGen      total 254464K, used 161792K [0x00000000eab00000, 0x0000000100000000, 0x0000000100000000)
  eden space 161792K, 100% used [0x00000000eab00000,0x00000000f4900000,0x00000000f4900000)
  from space 92672K, 0% used [0x00000000fa580000,0x00000000fa580000,0x0000000100000000)
  to   space 93696K, 0% used [0x00000000f4900000,0x00000000f4900000,0x00000000fa480000)
 ParOldGen       total 299520K, used 175007K [0x00000000c0000000, 0x00000000d2480000, 0x00000000eab00000)
  object space 299520K, 58% used [0x00000000c0000000,0x00000000caae7db0,0x00000000d2480000)
 Metaspace       used 6324K, capacity 7152K, committed 7296K, reserved 1056768K
  class space    used 594K, capacity 616K, committed 640K, reserved 1048576K
Event: 29.988 GC heap after
Heap after GC invocations=16 (full 3):
 PSYoungGen      total 213504K, used 51413K [0x00000000eab00000, 0x0000000100000000, 0x0000000100000000)
  eden space 161792K, 0% used [0x00000000eab00000,0x00000000eab00000,0x00000000f4900000)
  from space 51712K, 99% used [0x00000000f4900000,0x00000000f7b35508,0x00000000f7b80000)
  to   space 94720K, 0% used [0x00000000fa380000,0x00000000fa380000,0x0000000100000000)
 ParOldGen       total 299520K, used 175015K [0x00000000c0000000, 0x00000000d2480000, 0x00000000eab00000)
  object space 299520K, 58% used [0x00000000c0000000,0x00000000caae9db0,0x00000000d2480000)
 Metaspace       used 6324K, capacity 7152K, committed 7296K, reserved 1056768K
  class space    used 594K, capacity 616K, committed 640K, reserved 1048576K
}
Event: 33.554 GC heap before
{Heap before GC invocations=17 (full 3):
 PSYoungGen      total 213504K, used 213205K [0x00000000eab00000, 0x0000000100000000, 0x0000000100000000)
  eden space 161792K, 100% used [0x00000000eab00000,0x00000000f4900000,0x00000000f4900000)
  from space 51712K, 99% used [0x00000000f4900000,0x00000000f7b35508,0x00000000f7b80000)
  to   space 94720K, 0% used [0x00000000fa380000,0x00000000fa380000,0x0000000100000000)
 ParOldGen       total 299520K, used 175015K [0x00000000c0000000, 0x00000000d2480000, 0x00000000eab00000)
  object space 299520K, 58% used [0x00000000c0000000,0x00000000caae9db0,0x00000000d2480000)
 Metaspace       used 6418K, capacity 7216K, committed 7296K, reserved 1056768K
  class space    used 594K, capacity 616K, committed 640K, reserved 1048576K
Event: 34.293 GC heap after
Heap after GC invocations=17 (full 3):
 PSYoungGen      total 211456K, used 94701K [0x00000000eab00000, 0x0000000100000000, 0x0000000100000000)
  eden space 116736K, 0% used [0x00000000eab00000,0x00000000eab00000,0x00000000f1d00000)
  from space 94720K, 99% used [0x00000000fa380000,0x00000000ffffb660,0x0000000100000000)
  to   space 116224K, 0% used [0x00000000f1d00000,0x00000000f1d00000,0x00000000f8e80000)
 ParOldGen       total 299520K, used 195051K [0x00000000c0000000, 0x00000000d2480000, 0x00000000eab00000)
  object space 299520K, 65% used [0x00000000c0000000,0x00000000cbe7acb0,0x00000000d2480000)
 Metaspace       used 6418K, capacity 7216K, committed 7296K, reserved 1056768K
  class space    used 594K, capacity 616K, committed 640K, reserved 1048576K
}
Event: 35.052 GC heap before
{Heap before GC invocations=18 (full 3):
 PSYoungGen      total 211456K, used 211437K [0x00000000eab00000, 0x0000000100000000, 0x0000000100000000)
  eden space 116736K, 100% used [0x00000000eab00000,0x00000000f1d00000,0x00000000f1d00000)
  from space 94720K, 99% used [0x00000000fa380000,0x00000000ffffb660,0x0000000100000000)
  to   space 116224K, 0% used [0x00000000f1d00000,0x00000000f1d00000,0x00000000f8e80000)
 ParOldGen       total 299520K, used 195051K [0x00000000c0000000, 0x00000000d2480000, 0x00000000eab00000)
  object space 299520K, 65% used [0x00000000c0000000,0x00000000cbe7acb0,0x00000000d2480000)
 Metaspace       used 6426K, capacity 7216K, committed 7296K, reserved 1056768K
  class space    used 594K, capacity 616K, committed 640K, reserved 1048576K
Event: 35.621 GC heap after
Heap after GC invocations=18 (full 3):
 PSYoungGen      total 232960K, used 106845K [0x00000000eab00000, 0x0000000100000000, 0x0000000100000000)
  eden space 116736K, 0% used [0x00000000eab00000,0x00000000eab00000,0x00000000f1d00000)
  from space 116224K, 91% used [0x00000000f1d00000,0x00000000f8557568,0x00000000f8e80000)
  to   space 116224K, 0% used [0x00000000f8e80000,0x00000000f8e80000,0x0000000100000000)
 ParOldGen       total 299520K, used 236254K [0x00000000c0000000, 0x00000000d2480000, 0x00000000eab00000)
  object space 299520K, 78% used [0x00000000c0000000,0x00000000ce6b7a98,0x00000000d2480000)
 Metaspace       used 6426K, capacity 7216K, committed 7296K, reserved 1056768K
  class space    used 594K, capacity 616K, committed 640K, reserved 1048576K
}
Event: 36.060 GC heap before
{Heap before GC invocations=19 (full 3):
 PSYoungGen      total 232960K, used 223581K [0x00000000eab00000, 0x0000000100000000, 0x0000000100000000)
  eden space 116736K, 100% used [0x00000000eab00000,0x00000000f1d00000,0x00000000f1d00000)
  from space 116224K, 91% used [0x00000000f1d00000,0x00000000f8557568,0x00000000f8e80000)
  to   space 116224K, 0% used [0x00000000f8e80000,0x00000000f8e80000,0x0000000100000000)
 ParOldGen       total 299520K, used 236254K [0x00000000c0000000, 0x00000000d2480000, 0x00000000eab00000)
  object space 299520K, 78% used [0x00000000c0000000,0x00000000ce6b7a98,0x00000000d2480000)
 Metaspace       used 6426K, capacity 7216K, committed 7296K, reserved 1056768K
  class space    used 594K, capacity 616K, committed 640K, reserved 1048576K

