# JRE version: OpenJDK Runtime Environment (8.0_76-b03) (build 1.8.0_76-release-b03)
# Java VM: OpenJDK 64-Bit Server VM (25.76-b03 mixed mode linux-amd64 compressed oops)
Heap:
 PSYoungGen      total 115712K, used 24569K [0x00000000eab00000, 0x00000000f4a80000, 0x0000000100000000)
  eden space 91136K, 0% used [0x00000000eab00000,0x00000000eab00000,0x00000000f0400000)
  from space 24576K, 99% used [0x00000000f1a80000,0x00000000f327e4e8,0x00000000f3280000)
  to   space 17920K, 0% used [0x00000000f3900000,0x00000000f3900000,0x00000000f4a80000)
 ParOldGen       total 74752K, used 47433K [0x00000000c0000000, 0x00000000c4900000, 0x00000000eab00000)
  object space 74752K, 63% used [0x00000000c0000000,0x00000000c2e525d0,0x00000000c4900000)
 Metaspace       used 5799K, capacity 7024K, committed 7296K, reserved 1056768K
  class space    used 554K, capacity 616K, committed 640K, reserved 1048576K
GC Heap History (10 events):
Event: 4.637 GC heap after
Heap after GC invocations=3 (full 0):
 PSYoungGen      total 32768K, used 2036K [0x00000000eab00000, 0x00000000eeb00000, 0x0000000100000000)
  eden space 30720K, 0% used [0x00000000eab00000,0x00000000eab00000,0x00000000ec900000)
  from space 2048K, 99% used [0x00000000ec900000,0x00000000ecafd050,0x00000000ecb00000)
  to   space 2048K, 0% used [0x00000000ee900000,0x00000000ee900000,0x00000000eeb00000)
 ParOldGen       total 39936K, used 11774K [0x00000000c0000000, 0x00000000c2700000, 0x00000000eab00000)
  object space 39936K, 29% used [0x00000000c0000000,0x00000000c0b7fa20,0x00000000c2700000)
 Metaspace       used 5562K, capacity 6832K, committed 7040K, reserved 1056768K
  class space    used 552K, capacity 616K, committed 640K, reserved 1048576K
}
Event: 5.296 GC heap before
{Heap before GC invocations=4 (full 0):
 PSYoungGen      total 32768K, used 32756K [0x00000000eab00000, 0x00000000eeb00000, 0x0000000100000000)
  eden space 30720K, 100% used [0x00000000eab00000,0x00000000ec900000,0x00000000ec900000)
  from space 2048K, 99% used [0x00000000ec900000,0x00000000ecafd050,0x00000000ecb00000)
  to   space 2048K, 0% used [0x00000000ee900000,0x00000000ee900000,0x00000000eeb00000)
 ParOldGen       total 39936K, used 11774K [0x00000000c0000000, 0x00000000c2700000, 0x00000000eab00000)
  object space 39936K, 29% used [0x00000000c0000000,0x00000000c0b7fa20,0x00000000c2700000)
 Metaspace       used 5597K, capacity 6832K, committed 7040K, reserved 1056768K
  class space    used 554K, capacity 616K, committed 640K, reserved 1048576K
Event: 5.402 GC heap after
Heap after GC invocations=4 (full 0):
 PSYoungGen      total 63488K, used 2019K [0x00000000eab00000, 0x00000000eeb00000, 0x0000000100000000)
  eden space 61440K, 0% used [0x00000000eab00000,0x00000000eab00000,0x00000000ee700000)
  from space 2048K, 98% used [0x00000000ee900000,0x00000000eeaf8df8,0x00000000eeb00000)
  to   space 2048K, 0% used [0x00000000ee700000,0x00000000ee700000,0x00000000ee900000)
 ParOldGen       total 39936K, used 20619K [0x00000000c0000000, 0x00000000c2700000, 0x00000000eab00000)
  object space 39936K, 51% used [0x00000000c0000000,0x00000000c1422f40,0x00000000c2700000)
 Metaspace       used 5597K, capacity 6832K, committed 7040K, reserved 1056768K
  class space    used 554K, capacity 616K, committed 640K, reserved 1048576K
}
Event: 6.913 GC heap before
{Heap before GC invocations=5 (full 0):
 PSYoungGen      total 63488K, used 63459K [0x00000000eab00000, 0x00000000eeb00000, 0x0000000100000000)
  eden space 61440K, 100% used [0x00000000eab00000,0x00000000ee700000,0x00000000ee700000)
  from space 2048K, 98% used [0x00000000ee900000,0x00000000eeaf8df8,0x00000000eeb00000)
  to   space 2048K, 0% used [0x00000000ee700000,0x00000000ee700000,0x00000000ee900000)
 ParOldGen       total 39936K, used 20619K [0x00000000c0000000, 0x00000000c2700000, 0x00000000eab00000)
  object space 39936K, 51% used [0x00000000c0000000,0x00000000c1422f40,0x00000000c2700000)
 Metaspace       used 5668K, capacity 6896K, committed 7040K, reserved 1056768K
  class space    used 554K, capacity 616K, committed 640K, reserved 1048576K
Event: 7.110 GC heap after
Heap after GC invocations=5 (full 0):
 PSYoungGen      total 63488K, used 2032K [0x00000000eab00000, 0x00000000f4f00000, 0x0000000100000000)
  eden space 61440K, 0% used [0x00000000eab00000,0x00000000eab00000,0x00000000ee700000)
  from space 2048K, 99% used [0x00000000ee700000,0x00000000ee8fc2e8,0x00000000ee900000)
  to   space 22528K, 0% used [0x00000000f3900000,0x00000000f3900000,0x00000000f4f00000)
 ParOldGen       total 41984K, used 41520K [0x00000000c0000000, 0x00000000c2900000, 0x00000000eab00000)
  object space 41984K, 98% used [0x00000000c0000000,0x00000000c288c3e0,0x00000000c2900000)
 Metaspace       used 5668K, capacity 6896K, committed 7040K, reserved 1056768K
  class space    used 554K, capacity 616K, committed 640K, reserved 1048576K
}
Event: 7.110 GC heap before
{Heap before GC invocations=6 (full 1):
 PSYoungGen      total 63488K, used 2032K [0x00000000eab00000, 0x00000000f4f00000, 0x0000000100000000)
  eden space 61440K, 0% used [0x00000000eab00000,0x00000000eab00000,0x00000000ee700000)
  from space 2048K, 99% used [0x00000000ee700000,0x00000000ee8fc2e8,0x00000000ee900000)
  to   space 22528K, 0% used [0x00000000f3900000,0x00000000f3900000,0x00000000f4f00000)
 ParOldGen       total 41984K, used 41520K [0x00000000c0000000, 0x00000000c2900000, 0x00000000eab00000)
  object space 41984K, 98% used [0x00000000c0000000,0x00000000c288c3e0,0x00000000c2900000)
 Metaspace       used 5668K, capacity 6896K, committed 7040K, reserved 1056768K
  class space    used 554K, capacity 616K, committed 640K, reserved 1048576K
Event: 7.765 GC heap after
Heap after GC invocations=6 (full 1):
 PSYoungGen      total 63488K, used 0K [0x00000000eab00000, 0x00000000f4f00000, 0x0000000100000000)
  eden space 61440K, 0% used [0x00000000eab00000,0x00000000eab00000,0x00000000ee700000)
  from space 2048K, 0% used [0x00000000ee700000,0x00000000ee700000,0x00000000ee900000)
  to   space 22528K, 0% used [0x00000000f3900000,0x00000000f3900000,0x00000000f4f00000)
 ParOldGen       total 74752K, used 30762K [0x00000000c0000000, 0x00000000c4900000, 0x00000000eab00000)
  object space 74752K, 41% used [0x00000000c0000000,0x00000000c1e0ab30,0x00000000c4900000)
 Metaspace       used 5668K, capacity 6896K, committed 7040K, reserved 1056768K
  class space    used 554K, capacity 616K, committed 640K, reserved 1048576K
}
Event: 8.731 GC heap before
{Heap before GC invocations=7 (full 1):
 PSYoungGen      total 63488K, used 61440K [0x00000000eab00000, 0x00000000f4f00000, 0x0000000100000000)
  eden space 61440K, 100% used [0x00000000eab00000,0x00000000ee700000,0x00000000ee700000)
  from space 2048K, 0% used [0x00000000ee700000,0x00000000ee700000,0x00000000ee900000)
  to   space 22528K, 0% used [0x00000000f3900000,0x00000000f3900000,0x00000000f4f00000)
 ParOldGen       total 74752K, used 30762K [0x00000000c0000000, 0x00000000c4900000, 0x00000000eab00000)
  object space 74752K, 41% used [0x00000000c0000000,0x00000000c1e0ab30,0x00000000c4900000)
 Metaspace       used 5727K, capacity 6960K, committed 7040K, reserved 1056768K
  class space    used 554K, capacity 616K, committed 640K, reserved 1048576K
Event: 8.884 GC heap after
Heap after GC invocations=7 (full 1):
 PSYoungGen      total 109056K, used 17713K [0x00000000eab00000, 0x00000000f4a80000, 0x0000000100000000)
  eden space 91136K, 0% used [0x00000000eab00000,0x00000000eab00000,0x00000000f0400000)
  from space 17920K, 98% used [0x00000000f3900000,0x00000000f4a4c6a0,0x00000000f4a80000)
  to   space 24576K, 0% used [0x00000000f1a80000,0x00000000f1a80000,0x00000000f3280000)
 ParOldGen       total 74752K, used 30770K [0x00000000c0000000, 0x00000000c4900000, 0x00000000eab00000)
  object space 74752K, 41% used [0x00000000c0000000,0x00000000c1e0cb30,0x00000000c4900000)
 Metaspace       used 5727K, capacity 6960K, committed 7040K, reserved 1056768K
  class space    used 554K, capacity 616K, committed 640K, reserved 1048576K
}
Event: 10.562 GC heap before
{Heap before GC invocations=8 (full 1):
 PSYoungGen      total 109056K, used 108849K [0x00000000eab00000, 0x00000000f4a80000, 0x0000000100000000)
  eden space 91136K, 100% used [0x00000000eab00000,0x00000000f0400000,0x00000000f0400000)
  from space 17920K, 98% used [0x00000000f3900000,0x00000000f4a4c6a0,0x00000000f4a80000)
  to   space 24576K, 0% used [0x00000000f1a80000,0x00000000f1a80000,0x00000000f3280000)
 ParOldGen       total 74752K, used 30770K [0x00000000c0000000, 0x00000000c4900000, 0x00000000eab00000)
  object space 74752K, 41% used [0x00000000c0000000,0x00000000c1e0cb30,0x00000000c4900000)
 Metaspace       used 5799K, capacity 7024K, committed 7296K, reserved 1056768K
  class space    used 554K, capacity 616K, committed 640K, reserved 1048576K

