# JRE version: OpenJDK Runtime Environment (8.0_76-b03) (build 1.8.0_76-release-b03)
# Java VM: OpenJDK 64-Bit Server VM (25.76-b03 mixed mode linux-amd64 compressed oops)
Heap:
 PSYoungGen      total 204800K, used 56812K [0x00000000eab00000, 0x00000000fae00000, 0x0000000100000000)
  eden space 147968K, 0% used [0x00000000eab00000,0x00000000eab00000,0x00000000f3b80000)
  from space 56832K, 99% used [0x00000000f3f00000,0x00000000f767b3c8,0x00000000f7680000)
  to   space 39424K, 0% used [0x00000000f8780000,0x00000000f8780000,0x00000000fae00000)
 ParOldGen       total 186368K, used 155225K [0x00000000c0000000, 0x00000000cb600000, 0x00000000eab00000)
  object space 186368K, 83% used [0x00000000c0000000,0x00000000c9796570,0x00000000cb600000)
 Metaspace       used 6132K, capacity 7024K, committed 7296K, reserved 1056768K
  class space    used 593K, capacity 616K, committed 640K, reserved 1048576K
GC Heap History (10 events):
Event: 7.276 GC heap after
Heap after GC invocations=8 (full 0):
 PSYoungGen      total 129536K, used 13283K [0x00000000eab00000, 0x00000000f4100000, 0x0000000100000000)
  eden space 116224K, 0% used [0x00000000eab00000,0x00000000eab00000,0x00000000f1c80000)
  from space 13312K, 99% used [0x00000000f2d00000,0x00000000f39f8ec8,0x00000000f3a00000)
  to   space 16896K, 0% used [0x00000000f1c80000,0x00000000f1c80000,0x00000000f2d00000)
 ParOldGen       total 39936K, used 16725K [0x00000000c0000000, 0x00000000c2700000, 0x00000000eab00000)
  object space 39936K, 41% used [0x00000000c0000000,0x00000000c1055760,0x00000000c2700000)
 Metaspace       used 6005K, capacity 6960K, committed 7040K, reserved 1056768K
  class space    used 592K, capacity 616K, committed 640K, reserved 1048576K
}
Event: 17.227 GC heap before
{Heap before GC invocations=9 (full 0):
 PSYoungGen      total 129536K, used 129507K [0x00000000eab00000, 0x00000000f4100000, 0x0000000100000000)
  eden space 116224K, 100% used [0x00000000eab00000,0x00000000f1c80000,0x00000000f1c80000)
  from space 13312K, 99% used [0x00000000f2d00000,0x00000000f39f8ec8,0x00000000f3a00000)
  to   space 16896K, 0% used [0x00000000f1c80000,0x00000000f1c80000,0x00000000f2d00000)
 ParOldGen       total 39936K, used 16725K [0x00000000c0000000, 0x00000000c2700000, 0x00000000eab00000)
  object space 39936K, 41% used [0x00000000c0000000,0x00000000c1055760,0x00000000c2700000)
 Metaspace       used 6116K, capacity 7024K, committed 7296K, reserved 1056768K
  class space    used 592K, capacity 616K, committed 640K, reserved 1048576K
Event: 17.544 GC heap after
Heap after GC invocations=9 (full 0):
 PSYoungGen      total 133120K, used 16864K [0x00000000eab00000, 0x00000000fae00000, 0x0000000100000000)
  eden space 116224K, 0% used [0x00000000eab00000,0x00000000eab00000,0x00000000f1c80000)
  from space 16896K, 99% used [0x00000000f1c80000,0x00000000f2cf80e8,0x00000000f2d00000)
  to   space 39424K, 0% used [0x00000000f8780000,0x00000000f8780000,0x00000000fae00000)
 ParOldGen       total 65536K, used 65339K [0x00000000c0000000, 0x00000000c4000000, 0x00000000eab00000)
  object space 65536K, 99% used [0x00000000c0000000,0x00000000c3fcec08,0x00000000c4000000)
 Metaspace       used 6116K, capacity 7024K, committed 7296K, reserved 1056768K
  class space    used 592K, capacity 616K, committed 640K, reserved 1048576K
}
Event: 17.544 GC heap before
{Heap before GC invocations=10 (full 1):
 PSYoungGen      total 133120K, used 16864K [0x00000000eab00000, 0x00000000fae00000, 0x0000000100000000)
  eden space 116224K, 0% used [0x00000000eab00000,0x00000000eab00000,0x00000000f1c80000)
  from space 16896K, 99% used [0x00000000f1c80000,0x00000000f2cf80e8,0x00000000f2d00000)
  to   space 39424K, 0% used [0x00000000f8780000,0x00000000f8780000,0x00000000fae00000)
 ParOldGen       total 65536K, used 65339K [0x00000000c0000000, 0x00000000c4000000, 0x00000000eab00000)
  object space 65536K, 99% used [0x00000000c0000000,0x00000000c3fcec08,0x00000000c4000000)
 Metaspace       used 6116K, capacity 7024K, committed 7296K, reserved 1056768K
  class space    used 592K, capacity 616K, committed 640K, reserved 1048576K
Event: 19.642 GC heap after
Heap after GC invocations=10 (full 1):
 PSYoungGen      total 133120K, used 13186K [0x00000000eab00000, 0x00000000fae00000, 0x0000000100000000)
  eden space 116224K, 0% used [0x00000000eab00000,0x00000000eab00000,0x00000000f1c80000)
  from space 16896K, 78% used [0x00000000f1c80000,0x00000000f2960a80,0x00000000f2d00000)
  to   space 39424K, 0% used [0x00000000f8780000,0x00000000f8780000,0x00000000fae00000)
 ParOldGen       total 113664K, used 65255K [0x00000000c0000000, 0x00000000c6f00000, 0x00000000eab00000)
  object space 113664K, 57% used [0x00000000c0000000,0x00000000c3fb9df0,0x00000000c6f00000)
 Metaspace       used 6116K, capacity 7024K, committed 7296K, reserved 1056768K
  class space    used 592K, capacity 616K, committed 640K, reserved 1048576K
}
Event: 20.263 GC heap before
{Heap before GC invocations=11 (full 1):
 PSYoungGen      total 133120K, used 129410K [0x00000000eab00000, 0x00000000fae00000, 0x0000000100000000)
  eden space 116224K, 100% used [0x00000000eab00000,0x00000000f1c80000,0x00000000f1c80000)
  from space 16896K, 78% used [0x00000000f1c80000,0x00000000f2960a80,0x00000000f2d00000)
  to   space 39424K, 0% used [0x00000000f8780000,0x00000000f8780000,0x00000000fae00000)
 ParOldGen       total 113664K, used 65255K [0x00000000c0000000, 0x00000000c6f00000, 0x00000000eab00000)
  object space 113664K, 57% used [0x00000000c0000000,0x00000000c3fb9df0,0x00000000c6f00000)
 Metaspace       used 6131K, capacity 7024K, committed 7296K, reserved 1056768K
  class space    used 593K, capacity 616K, committed 640K, reserved 1048576K
Event: 20.475 GC heap after
Heap after GC invocations=11 (full 1):
 PSYoungGen      total 187392K, used 39413K [0x00000000eab00000, 0x00000000fae00000, 0x0000000100000000)
  eden space 147968K, 0% used [0x00000000eab00000,0x00000000eab00000,0x00000000f3b80000)
  from space 39424K, 99% used [0x00000000f8780000,0x00000000fadfd690,0x00000000fae00000)
  to   space 56832K, 0% used [0x00000000f3f00000,0x00000000f3f00000,0x00000000f7680000)
 ParOldGen       total 113664K, used 92558K [0x00000000c0000000, 0x00000000c6f00000, 0x00000000eab00000)
  object space 113664K, 81% used [0x00000000c0000000,0x00000000c5a63bf0,0x00000000c6f00000)
 Metaspace       used 6131K, capacity 7024K, committed 7296K, reserved 1056768K
  class space    used 593K, capacity 616K, committed 640K, reserved 1048576K
}
Event: 20.475 GC heap before
{Heap before GC invocations=12 (full 2):
 PSYoungGen      total 187392K, used 39413K [0x00000000eab00000, 0x00000000fae00000, 0x0000000100000000)
  eden space 147968K, 0% used [0x00000000eab00000,0x00000000eab00000,0x00000000f3b80000)
  from space 39424K, 99% used [0x00000000f8780000,0x00000000fadfd690,0x00000000fae00000)
  to   space 56832K, 0% used [0x00000000f3f00000,0x00000000f3f00000,0x00000000f7680000)
 ParOldGen       total 113664K, used 92558K [0x00000000c0000000, 0x00000000c6f00000, 0x00000000eab00000)
  object space 113664K, 81% used [0x00000000c0000000,0x00000000c5a63bf0,0x00000000c6f00000)
 Metaspace       used 6131K, capacity 7024K, committed 7296K, reserved 1056768K
  class space    used 593K, capacity 616K, committed 640K, reserved 1048576K
Event: 21.821 GC heap after
Heap after GC invocations=12 (full 2):
 PSYoungGen      total 187392K, used 15789K [0x00000000eab00000, 0x00000000fae00000, 0x0000000100000000)
  eden space 147968K, 0% used [0x00000000eab00000,0x00000000eab00000,0x00000000f3b80000)
  from space 39424K, 40% used [0x00000000f8780000,0x00000000f96eb540,0x00000000fae00000)
  to   space 56832K, 0% used [0x00000000f3f00000,0x00000000f3f00000,0x00000000f7680000)
 ParOldGen       total 186368K, used 113390K [0x00000000c0000000, 0x00000000cb600000, 0x00000000eab00000)
  object space 186368K, 60% used [0x00000000c0000000,0x00000000c6ebb9c0,0x00000000cb600000)
 Metaspace       used 6131K, capacity 7024K, committed 7296K, reserved 1056768K
  class space    used 593K, capacity 616K, committed 640K, reserved 1048576K
}
Event: 22.289 GC heap before
{Heap before GC invocations=13 (full 2):
 PSYoungGen      total 187392K, used 163757K [0x00000000eab00000, 0x00000000fae00000, 0x0000000100000000)
  eden space 147968K, 100% used [0x00000000eab00000,0x00000000f3b80000,0x00000000f3b80000)
  from space 39424K, 40% used [0x00000000f8780000,0x00000000f96eb540,0x00000000fae00000)
  to   space 56832K, 0% used [0x00000000f3f00000,0x00000000f3f00000,0x00000000f7680000)
 ParOldGen       total 186368K, used 113390K [0x00000000c0000000, 0x00000000cb600000, 0x00000000eab00000)
  object space 186368K, 60% used [0x00000000c0000000,0x00000000c6ebb9c0,0x00000000cb600000)
 Metaspace       used 6132K, capacity 7024K, committed 7296K, reserved 1056768K
  class space    used 593K, capacity 616K, committed 640K, reserved 1048576K

