# JRE version: OpenJDK Runtime Environment (8.0_76-b03) (build 1.8.0_76-release-b03)
# Java VM: OpenJDK 64-Bit Server VM (25.76-b03 mixed mode linux-amd64 compressed oops)
Heap:
 PSYoungGen      total 147968K, used 33275K [0x00000000eab00000, 0x00000000f6c00000, 0x0000000100000000)
  eden space 114688K, 0% used [0x00000000eab00000,0x00000000eab00000,0x00000000f1b00000)
  from space 33280K, 99% used [0x00000000f4b80000,0x00000000f6bfed38,0x00000000f6c00000)
  to   space 22016K, 0% used [0x00000000f1b00000,0x00000000f1b00000,0x00000000f3080000)
 ParOldGen       total 70144K, used 56779K [0x00000000c0000000, 0x00000000c4480000, 0x00000000eab00000)
  object space 70144K, 80% used [0x00000000c0000000,0x00000000c3772cf0,0x00000000c4480000)
 Metaspace       used 5853K, capacity 7024K, committed 7296K, reserved 1056768K
  class space    used 554K, capacity 616K, committed 640K, reserved 1048576K
GC Heap History (10 events):
Event: 6.001 GC heap after
Heap after GC invocations=4 (full 0):
 PSYoungGen      total 63488K, used 2046K [0x00000000eab00000, 0x00000000eeb00000, 0x0000000100000000)
  eden space 61440K, 0% used [0x00000000eab00000,0x00000000eab00000,0x00000000ee700000)
  from space 2048K, 99% used [0x00000000ee900000,0x00000000eeaffb68,0x00000000eeb00000)
  to   space 2048K, 0% used [0x00000000ee700000,0x00000000ee700000,0x00000000ee900000)
 ParOldGen       total 39936K, used 23331K [0x00000000c0000000, 0x00000000c2700000, 0x00000000eab00000)
  object space 39936K, 58% used [0x00000000c0000000,0x00000000c16c8ff8,0x00000000c2700000)
 Metaspace       used 5585K, capacity 6832K, committed 7040K, reserved 1056768K
  class space    used 554K, capacity 616K, committed 640K, reserved 1048576K
}
Event: 7.148 GC heap before
{Heap before GC invocations=5 (full 0):
 PSYoungGen      total 63488K, used 63486K [0x00000000eab00000, 0x00000000eeb00000, 0x0000000100000000)
  eden space 61440K, 100% used [0x00000000eab00000,0x00000000ee700000,0x00000000ee700000)
  from space 2048K, 99% used [0x00000000ee900000,0x00000000eeaffb68,0x00000000eeb00000)
  to   space 2048K, 0% used [0x00000000ee700000,0x00000000ee700000,0x00000000ee900000)
 ParOldGen       total 39936K, used 23331K [0x00000000c0000000, 0x00000000c2700000, 0x00000000eab00000)
  object space 39936K, 58% used [0x00000000c0000000,0x00000000c16c8ff8,0x00000000c2700000)
 Metaspace       used 5670K, capacity 6896K, committed 7040K, reserved 1056768K
  class space    used 554K, capacity 616K, committed 640K, reserved 1048576K
Event: 7.305 GC heap after
Heap after GC invocations=5 (full 0):
 PSYoungGen      total 63488K, used 2038K [0x00000000eab00000, 0x00000000f5000000, 0x0000000100000000)
  eden space 61440K, 0% used [0x00000000eab00000,0x00000000eab00000,0x00000000ee700000)
  from space 2048K, 99% used [0x00000000ee700000,0x00000000ee8fd8f0,0x00000000ee900000)
  to   space 23040K, 0% used [0x00000000f3980000,0x00000000f3980000,0x00000000f5000000)
 ParOldGen       total 42496K, used 42227K [0x00000000c0000000, 0x00000000c2980000, 0x00000000eab00000)
  object space 42496K, 99% used [0x00000000c0000000,0x00000000c293cf80,0x00000000c2980000)
 Metaspace       used 5670K, capacity 6896K, committed 7040K, reserved 1056768K
  class space    used 554K, capacity 616K, committed 640K, reserved 1048576K
}
Event: 7.305 GC heap before
{Heap before GC invocations=6 (full 1):
 PSYoungGen      total 63488K, used 2038K [0x00000000eab00000, 0x00000000f5000000, 0x0000000100000000)
  eden space 61440K, 0% used [0x00000000eab00000,0x00000000eab00000,0x00000000ee700000)
  from space 2048K, 99% used [0x00000000ee700000,0x00000000ee8fd8f0,0x00000000ee900000)
  to   space 23040K, 0% used [0x00000000f3980000,0x00000000f3980000,0x00000000f5000000)
 ParOldGen       total 42496K, used 42227K [0x00000000c0000000, 0x00000000c2980000, 0x00000000eab00000)
  object space 42496K, 99% used [0x00000000c0000000,0x00000000c293cf80,0x00000000c2980000)
 Metaspace       used 5670K, capacity 6896K, committed 7040K, reserved 1056768K
  class space    used 554K, capacity 616K, committed 640K, reserved 1048576K
Event: 7.949 GC heap after
Heap after GC invocations=6 (full 1):
 PSYoungGen      total 63488K, used 0K [0x00000000eab00000, 0x00000000f5000000, 0x0000000100000000)
  eden space 61440K, 0% used [0x00000000eab00000,0x00000000eab00000,0x00000000ee700000)
  from space 2048K, 0% used [0x00000000ee700000,0x00000000ee700000,0x00000000ee900000)
  to   space 23040K, 0% used [0x00000000f3980000,0x00000000f3980000,0x00000000f5000000)
 ParOldGen       total 70144K, used 25761K [0x00000000c0000000, 0x00000000c4480000, 0x00000000eab00000)
  object space 70144K, 36% used [0x00000000c0000000,0x00000000c19287d8,0x00000000c4480000)
 Metaspace       used 5670K, capacity 6896K, committed 7040K, reserved 1056768K
  class space    used 554K, capacity 616K, committed 640K, reserved 1048576K
}
Event: 9.492 GC heap before
{Heap before GC invocations=7 (full 1):
 PSYoungGen      total 63488K, used 61440K [0x00000000eab00000, 0x00000000f5000000, 0x0000000100000000)
  eden space 61440K, 100% used [0x00000000eab00000,0x00000000ee700000,0x00000000ee700000)
  from space 2048K, 0% used [0x00000000ee700000,0x00000000ee700000,0x00000000ee900000)
  to   space 23040K, 0% used [0x00000000f3980000,0x00000000f3980000,0x00000000f5000000)
 ParOldGen       total 70144K, used 25761K [0x00000000c0000000, 0x00000000c4480000, 0x00000000eab00000)
  object space 70144K, 36% used [0x00000000c0000000,0x00000000c19287d8,0x00000000c4480000)
 Metaspace       used 5705K, capacity 6960K, committed 7040K, reserved 1056768K
  class space    used 554K, capacity 616K, committed 640K, reserved 1048576K
Event: 9.574 GC heap after
Heap after GC invocations=7 (full 1):
 PSYoungGen      total 101376K, used 12461K [0x00000000eab00000, 0x00000000f4600000, 0x0000000100000000)
  eden space 88576K, 0% used [0x00000000eab00000,0x00000000eab00000,0x00000000f0180000)
  from space 12800K, 97% used [0x00000000f3980000,0x00000000f45ab6a8,0x00000000f4600000)
  to   space 22016K, 0% used [0x00000000f1b00000,0x00000000f1b00000,0x00000000f3080000)
 ParOldGen       total 70144K, used 25769K [0x00000000c0000000, 0x00000000c4480000, 0x00000000eab00000)
  object space 70144K, 36% used [0x00000000c0000000,0x00000000c192a7d8,0x00000000c4480000)
 Metaspace       used 5705K, capacity 6960K, committed 7040K, reserved 1056768K
  class space    used 554K, capacity 616K, committed 640K, reserved 1048576K
}
Event: 10.914 GC heap before
{Heap before GC invocations=8 (full 1):
 PSYoungGen      total 101376K, used 101037K [0x00000000eab00000, 0x00000000f4600000, 0x0000000100000000)
  eden space 88576K, 100% used [0x00000000eab00000,0x00000000f0180000,0x00000000f0180000)
  from space 12800K, 97% used [0x00000000f3980000,0x00000000f45ab6a8,0x00000000f4600000)
  to   space 22016K, 0% used [0x00000000f1b00000,0x00000000f1b00000,0x00000000f3080000)
 ParOldGen       total 70144K, used 25769K [0x00000000c0000000, 0x00000000c4480000, 0x00000000eab00000)
  object space 70144K, 36% used [0x00000000c0000000,0x00000000c192a7d8,0x00000000c4480000)
 Metaspace       used 5772K, capacity 7024K, committed 7296K, reserved 1056768K
  class space    used 554K, capacity 616K, committed 640K, reserved 1048576K
Event: 11.075 GC heap after
Heap after GC invocations=8 (full 1):
 PSYoungGen      total 136704K, used 22011K [0x00000000eab00000, 0x00000000f6c00000, 0x0000000100000000)
  eden space 114688K, 0% used [0x00000000eab00000,0x00000000eab00000,0x00000000f1b00000)
  from space 22016K, 99% used [0x00000000f1b00000,0x00000000f307ee00,0x00000000f3080000)
  to   space 33280K, 0% used [0x00000000f4b80000,0x00000000f4b80000,0x00000000f6c00000)
 ParOldGen       total 70144K, used 39636K [0x00000000c0000000, 0x00000000c4480000, 0x00000000eab00000)
  object space 70144K, 56% used [0x00000000c0000000,0x00000000c26b5148,0x00000000c4480000)
 Metaspace       used 5772K, capacity 7024K, committed 7296K, reserved 1056768K
  class space    used 554K, capacity 616K, committed 640K, reserved 1048576K
}
Event: 12.523 GC heap before
{Heap before GC invocations=9 (full 1):
 PSYoungGen      total 136704K, used 136699K [0x00000000eab00000, 0x00000000f6c00000, 0x0000000100000000)
  eden space 114688K, 100% used [0x00000000eab00000,0x00000000f1b00000,0x00000000f1b00000)
  from space 22016K, 99% used [0x00000000f1b00000,0x00000000f307ee00,0x00000000f3080000)
  to   space 33280K, 0% used [0x00000000f4b80000,0x00000000f4b80000,0x00000000f6c00000)
 ParOldGen       total 70144K, used 39636K [0x00000000c0000000, 0x00000000c4480000, 0x00000000eab00000)
  object space 70144K, 56% used [0x00000000c0000000,0x00000000c26b5148,0x00000000c4480000)
 Metaspace       used 5853K, capacity 7024K, committed 7296K, reserved 1056768K
  class space    used 554K, capacity 616K, committed 640K, reserved 1048576K

